level : info: Aug-02-2023 18:44:58: 	Employee is successfully regeisterd
level : error: Aug-02-2023 22:36:17: 	Employee email or password is not valid
level : error: Aug-02-2023 22:36:17: 	Employee email or password is not valid
level : error: Aug-02-2023 22:36:26: 	Employee email or password is not valid
level : error: Aug-02-2023 22:36:26: 	Employee email or password is not valid
level : info: Aug-02-2023 22:36:37: 	Employee is successfully logged
level : error: Aug-02-2023 22:44:05: 	Employee alreday regeisterd with this email id
level : error: Aug-02-2023 22:44:05: 	Employee alreday regeisterd with this email id
level : info: Aug-02-2023 22:44:12: 	Employee is successfully logged
level : info: Aug-02-2023 22:44:36: 	Employee token is valid
level : info: Aug-02-2023 22:44:52: 	Employee resetpassword link successfully send on email
level : info: Aug-02-2023 22:46:01: 	Employee password successfully reset
level : info: Aug-03-2023 17:26:41: 	Employee is successfully logged
level : error: Aug-03-2023 17:26:50: 	empPassword is not defined
level : error: Aug-03-2023 17:26:50: 	empPassword is not defined
level : info: Aug-03-2023 17:28:05: 	Employee reset email send successfully 
level : info: Aug-07-2023 23:46:18: 	Employee is successfully logged
level : info: Aug-07-2023 23:46:31: 	Employee is successfully regeisterd
level : info: Aug-09-2023 14:53:10: 	Employee reset email send successfully 
level : info: Aug-09-2023 17:13:11: 	Employee is successfully logged
level : error: Aug-09-2023 17:13:35: 	Employee alreday regeisterd with this email
level : error: Aug-09-2023 17:13:35: 	Employee alreday regeisterd with this email
level : info: Aug-09-2023 17:13:42: 	Employee is successfully regeisterd
level : info: Aug-09-2023 17:14:24: 	Employee is successfully logged
level : error: Aug-09-2023 17:14:41: 	data and hash arguments required
level : error: Aug-09-2023 17:14:41: 	data and hash arguments required
level : info: Aug-09-2023 17:17:04: 	Password updated successfully
level : info: Aug-09-2023 17:48:50: 	Profile pic and address updated successfully
level : info: Aug-09-2023 18:02:20: 	Employee is successfully regeisterd
level : info: Aug-09-2023 18:07:55: 	Employee is successfully logged
level : error: Aug-09-2023 18:58:33: 	Employee alreday regeisterd with this email
level : error: Aug-09-2023 18:58:33: 	Employee alreday regeisterd with this email
level : info: Aug-10-2023 15:00:29: 	Employee is successfully regeisterd
level : info: Aug-10-2023 15:00:49: 	Employee is successfully logged
level : info: Aug-10-2023 15:01:31: 	Employee is successfully regeisterd
level : info: Aug-10-2023 15:28:23: 	Employee is successfully regeisterd
level : info: Aug-10-2023 15:28:41: 	Employee is successfully logged
level : info: Aug-11-2023 15:01:34: 	Employee is successfully regeisterd
level : info: Aug-11-2023 15:17:19: 	Profile pic and address updated successfully
level : info: Aug-11-2023 16:08:24: 	Employee is successfully regeisterd
level : info: Aug-11-2023 16:08:49: 	Employee reset email send successfully 
level : error: Aug-14-2023 18:38:06: 	Employee alreday regeisterd with this email
level : error: Aug-14-2023 18:38:06: 	Employee alreday regeisterd with this email
level : error: Aug-16-2023 15:37:43: 	Employee alreday regeisterd with this email
level : error: Aug-16-2023 15:37:43: 	Employee alreday regeisterd with this email
level : info: Aug-16-2023 15:41:05: 	Employee was successfully logged
level : info: Aug-16-2023 15:41:51: 	Employee was successfully logged
